Arguments: 
  /usr/local/Cellar/node/15.6.0/bin/node /usr/local/Cellar/yarn/1.22.10/libexec/bin/yarn.js add nodemon…

PATH: 
  ./bin:./node_modules/.bin:/Users/danielmcgill/.pyenv/bin:/Users/danielmcgill/.rbenv/shims:/Users/danielmcgill/.rbenv/bin:/Library/Frameworks/Python.framework/Versions/3.9/bin:/usr/local/bin:/usr/bin:/bin:/usr/sbin:/sbin:/usr/local/sbin

Yarn version: 
  1.22.10

Node version: 
  15.6.0

Platform: 
  darwin x64

Trace: 
  TypeError [ERR_UNESCAPED_CHARACTERS]: Request path contains unescaped characters
      at new NodeError (node:internal/errors:329:5)
      at new ClientRequest (node:_http_client:163:13)
      at Object.request (node:https:333:10)
      at Request.module.exports.Request.start (/usr/local/Cellar/yarn/1.22.10/libexec/lib/cli.js:141311:32)
      at Request.module.exports.Request.end (/usr/local/Cellar/yarn/1.22.10/libexec/lib/cli.js:142070:10)
      at end (/usr/local/Cellar/yarn/1.22.10/libexec/lib/cli.js:141124:14)
      at Immediate._onImmediate (/usr/local/Cellar/yarn/1.22.10/libexec/lib/cli.js:141138:7)
      at processImmediate (node:internal/timers:463:21)

npm manifest: 
  {
    "name": "node_crash_course",
    "version": "1.0.0",
    "description": "Practasing Node Js",
    "main": "index.js",
    "scripts": {
      "test": "echo \"Error: no test specified\" && exit 1"
    },
    "author": "Marley Greer",
    "license": "ISC",
    "dependencies": {
      "events": "^3.3.0",
      "uuid": "^8.3.2"
    }
  }

yarn manifest: 
  No manifest

Lockfile: 
  # THIS IS AN AUTOGENERATED FILE. DO NOT EDIT THIS FILE DIRECTLY.
  # yarn lockfile v1
  
  
  events@^3.3.0:
    version "3.3.0"
    resolved "https://registry.yarnpkg.com/events/-/events-3.3.0.tgz#31a95ad0a924e2d2c419a813aeb2c4e878ea7400"
    integrity sha512-mQw+2fkQbALzQ7V0MY0IqdnXNOeTtP4r0lN9z7AAawCXgqea7bDii20AYrIBrFd/Hx0M2Ocz6S111CaFkUcb0Q==
  
  uuid@^8.3.2:
    version "8.3.2"
    resolved "https://registry.yarnpkg.com/uuid/-/uuid-8.3.2.tgz"
    integrity sha512-+NYs2QeMWy+GWFOEm9xnn6HCDp0l7QBD7ml8zLUmJ+93Q5NF0NocErnwkTkXVFNiX3/fpC6afS8Dhb/gz7R7eg==
